<?xml version="1.0" encoding="UTF-8"?>
<!-- Generated by org.testng.reporters.JUnitReportReporter -->
<testsuite skipped="0" hostname="LAPTOP-40HTSQI5" name="AbstractaAcademy.HomePageTest" tests="1" failures="0" timestamp="2019-10-18T15:44:07 CLST" time="9.126" errors="0">
  <testcase name="Login" time="9.126" classname="AbstractaAcademy.HomePageTest"/>
</testsuite> <!-- AbstractaAcademy.HomePageTest -->
