<?xml version="1.0" encoding="UTF-8"?>
<!-- Generated by org.testng.reporters.JUnitReportReporter -->
<testsuite skipped="0" hostname="LAPTOP-40HTSQI5" name="AbstractaAcademy.CheckoutPageTest" tests="1" failures="0" timestamp="29 oct 2019 13:43:48 GMT" time="10.701" errors="0">
  <testcase name="login" time="10.701" classname="AbstractaAcademy.CheckoutPageTest"/>
</testsuite> <!-- AbstractaAcademy.CheckoutPageTest -->
