<?xml version="1.0" encoding="UTF-8"?>
<!-- Generated by org.testng.reporters.JUnitReportReporter -->
<testsuite skipped="0" hostname="frankeinstein" name="AbstractaAcademy.BuyingAsRegisterUserTest" tests="1" failures="0" timestamp="03 nov 2019 23:17:45 GMT" time="12.223" errors="0">
  <testcase name="login" time="12.223" classname="AbstractaAcademy.BuyingAsRegisterUserTest"/>
</testsuite> <!-- AbstractaAcademy.BuyingAsRegisterUserTest -->
